Using pre-set license
Built from '2020.3/china_unity/release' branch; Version is '2020.3.25f1c1 (fd09ccef852e) revision 16583116'; Using compiler version '192528614'; Build Type 'Release'
OS: 'Windows 10  (10.0.19044) 64bit CoreCountrySpecific' Language: 'zh' Physical Memory: 16259 MB
BatchMode: 1, IsHumanControllingUs: 0, StartBugReporterOnCrash: 0, Is64bit: 1, IsPro: 0

COMMAND LINE ARGUMENTS:
G:\2020.3.25f1c1\Editor\Unity.exe
-adb2
-batchMode
-noUpm
-name
AssetImportWorker0
-projectPath
H:/MyUnityProject/RopeGuy/Projectfiles
-logFile
Logs/AssetImportWorker0.log
-srvPort
57779
Successfully changed project path to: H:/MyUnityProject/RopeGuy/Projectfiles
H:/MyUnityProject/RopeGuy/Projectfiles
Using Asset Import Pipeline V2.
AS: AutoStreaming module initializing.Refreshing native plugins compatible for Editor in 121.97 ms, found 3 plugins.
Preloading 0 native plugins for Editor in 0.00 ms.
Initialize engine version: 2020.3.25f1c1 (fd09ccef852e)
[Subsystems] Discovering subsystems at path G:/2020.3.25f1c1/Editor/Data/Resources/UnitySubsystems
[Subsystems] Discovering subsystems at path H:/MyUnityProject/RopeGuy/Projectfiles/Assets
GfxDevice: creating device client; threaded=0
Direct3D:
    Version:  Direct3D 11.0 [level 11.1]
    Renderer: NVIDIA GeForce RTX 2060 (ID=0x1f11)
    Vendor:   
    VRAM:     5980 MB
    Driver:   30.0.15.1278
Initialize mono
Mono path[0] = 'G:/2020.3.25f1c1/Editor/Data/Managed'
Mono path[1] = 'G:/2020.3.25f1c1/Editor/Data/MonoBleedingEdge/lib/mono/unityjit'
Mono config path = 'G:/2020.3.25f1c1/Editor/Data/MonoBleedingEdge/etc'
Using monoOptions --debugger-agent=transport=dt_socket,embedding=1,server=y,suspend=n,address=127.0.0.1:56180
Begin MonoManager ReloadAssembly
Registering precompiled unity dll's ...
Register platform support module: G:/2020.3.25f1c1/Editor/Data/PlaybackEngines/WindowsStandaloneSupport/UnityEditor.WindowsStandalone.Extensions.dll
Registered in 0.001932 seconds.
Native extension for WindowsStandalone target not found
Refreshing native plugins compatible for Editor in 269.89 ms, found 3 plugins.
Preloading 0 native plugins for Editor in 0.00 ms.
Mono: successfully reloaded assembly
- Completed reload, in  1.342 seconds
Domain Reload Profiling:
	ReloadAssembly (1343ms)
		BeginReloadAssembly (104ms)
			ExecutionOrderSort (0ms)
			DisableScriptedObjects (0ms)
			BackupInstance (0ms)
			ReleaseScriptingObjects (0ms)
			CreateAndSetChildDomain (1ms)
		EndReloadAssembly (1128ms)
			LoadAssemblies (104ms)
			RebuildTransferFunctionScriptingTraits (0ms)
			SetupTypeCache (251ms)
			ReleaseScriptCaches (0ms)
			RebuildScriptCaches (98ms)
			SetupLoadedEditorAssemblies (538ms)
				LogAssemblyErrors (0ms)
				InitializePlatformSupportModulesInManaged (10ms)
				SetLoadedEditorAssemblies (0ms)
				RefreshPlugins (270ms)
				BeforeProcessingInitializeOnLoad (28ms)
				ProcessInitializeOnLoadAttributes (184ms)
				ProcessInitializeOnLoadMethodAttributes (46ms)
				AfterProcessingInitializeOnLoad (0ms)
				EditorAssembliesLoaded (0ms)
			ExecutionOrderSort2 (0ms)
			AwakeInstancesAfterBackupRestoration (0ms)
Platform modules already initialized, skipping
Registering precompiled user dll's ...
Registered in 0.018722 seconds.
Begin MonoManager ReloadAssembly
Native extension for WindowsStandalone target not found
Refreshing native plugins compatible for Editor in 98.97 ms, found 3 plugins.
Preloading 0 native plugins for Editor in 0.00 ms.
Mono: successfully reloaded assembly
- Completed reload, in  2.241 seconds
Domain Reload Profiling:
	ReloadAssembly (2242ms)
		BeginReloadAssembly (230ms)
			ExecutionOrderSort (0ms)
			DisableScriptedObjects (8ms)
			BackupInstance (0ms)
			ReleaseScriptingObjects (0ms)
			CreateAndSetChildDomain (25ms)
		EndReloadAssembly (1918ms)
			LoadAssemblies (171ms)
			RebuildTransferFunctionScriptingTraits (0ms)
			SetupTypeCache (803ms)
			ReleaseScriptCaches (1ms)
			RebuildScriptCaches (113ms)
			SetupLoadedEditorAssemblies (603ms)
				LogAssemblyErrors (0ms)
				InitializePlatformSupportModulesInManaged (4ms)
				SetLoadedEditorAssemblies (0ms)
				RefreshPlugins (99ms)
				BeforeProcessingInitializeOnLoad (139ms)
				ProcessInitializeOnLoadAttributes (329ms)
				ProcessInitializeOnLoadMethodAttributes (28ms)
				AfterProcessingInitializeOnLoad (3ms)
				EditorAssembliesLoaded (0ms)
			ExecutionOrderSort2 (0ms)
			AwakeInstancesAfterBackupRestoration (9ms)
Platform modules already initialized, skipping
========================================================================
Worker process is ready to serve import requests
Launched and connected shader compiler UnityShaderCompiler.exe after 0.16 seconds
Refreshing native plugins compatible for Editor in 1.17 ms, found 3 plugins.
Preloading 0 native plugins for Editor in 0.00 ms.
Unloading 3343 Unused Serialized files (Serialized files now loaded: 0)
System memory in use before: 143.9 MB.
System memory in use after: 144.1 MB.

Unloading 29 unused Assets to reduce memory usage. Loaded Objects now: 3776.
Total: 6.934600 ms (FindLiveObjects: 0.451500 ms CreateObjectMapping: 0.681300 ms MarkObjects: 5.705200 ms  DeleteObjects: 0.095300 ms)

AssetImportParameters requested are different than current active one (requested -> active):
  custom:framework-win-MediaFoundation: 216162199b28c13a410421893ffa2e32 -> 
  custom:video-decoder-ogg-theora: a1e56fd34408186e4bbccfd4996cb3dc -> 
  custom:container-muxer-webm: aa71ff27fc2769a1b78a27578f13a17b -> 
  custom:container-demuxer-webm: 4f35f7cbe854078d1ac9338744f61a02 -> 
  custom:container-demuxer-ogg: 62fdf1f143b41e24485cea50d1cbac27 -> 
  custom:video-encoder-webm-vp8: eb34c28f22e8b96e1ab97ce403110664 -> 
  custom:video-codec-MediaFoundation-h265: 746d11721c4dcdbdad8f713fa42b33f4 -> 
  custom:video-decoder-webm-vp8: 9c59270c3fd7afecdb556c50c9e8de78 -> 
  custom:audio-decoder-ogg-vorbis: bf7c407c2cedff20999df2af8eb42d56 -> 
  custom:audio-encoder-webm-vorbis: bf7c407c2cedff20999df2af8eb42d56 -> 
========================================================================
Received Import Request.
  path: Assets/Map/Environment
  artifactKey: Guid(833e42cab7a291141bd43dc20c0d95c8) Importer(815301076,1909f56bfc062723c751e8b465ee728b)
Start importing Assets/Map/Environment using Guid(833e42cab7a291141bd43dc20c0d95c8) Importer(815301076,1909f56bfc062723c751e8b465ee728b)  -> (artifact id: '14d780768929062a1b2abb98d19fa55e') in 0.013167 seconds 
  Import took 0.083127 seconds .

========================================================================
Received Import Request.
  Time since last request: 0.000946 seconds.
  path: Assets/Map/Sprite-0002.asset
  artifactKey: Guid(628fca928af01db4f932e9e42ed102b5) Importer(815301076,1909f56bfc062723c751e8b465ee728b)
Start importing Assets/Map/Sprite-0002.asset using Guid(628fca928af01db4f932e9e42ed102b5) Importer(815301076,1909f56bfc062723c751e8b465ee728b)  -> (artifact id: '1eb6e53a21165f729a70873c6cb2e812') in 0.165755 seconds 
  Import took 0.193440 seconds .

========================================================================
Received Import Request.
  Time since last request: 11.717865 seconds.
  path: Assets/Map/Environment/Boxs
  artifactKey: Guid(c703519de45dd514f91eb87f83152d89) Importer(815301076,1909f56bfc062723c751e8b465ee728b)
Start importing Assets/Map/Environment/Boxs using Guid(c703519de45dd514f91eb87f83152d89) Importer(815301076,1909f56bfc062723c751e8b465ee728b)  -> (artifact id: '1fac5a6fe58faff11b25408751f698ba') in 0.004512 seconds 
  Import took 0.016915 seconds .

========================================================================
Received Import Request.
  Time since last request: 0.039159 seconds.
  path: Assets/Map/New Palette.prefab
  artifactKey: Guid(811ee9603f0e46b4f817e1ae70bbe902) Importer(815301076,1909f56bfc062723c751e8b465ee728b)
Start importing Assets/Map/New Palette.prefab using Guid(811ee9603f0e46b4f817e1ae70bbe902) Importer(815301076,1909f56bfc062723c751e8b465ee728b)  -> (artifact id: '26500003ba575734120ac82dd9262fdc') in 0.263923 seconds 
  Import took 0.292333 seconds .

========================================================================
Received Import Request.
  Time since last request: 8.208470 seconds.
  path: Assets/Map/Environment/Boxs/Sprites
  artifactKey: Guid(e0aa5031192837c4492c208e4c39e87f) Importer(815301076,1909f56bfc062723c751e8b465ee728b)
Start importing Assets/Map/Environment/Boxs/Sprites using Guid(e0aa5031192837c4492c208e4c39e87f) Importer(815301076,1909f56bfc062723c751e8b465ee728b)  -> (artifact id: 'da7887ae3ddde72afd436571ae718180') in 0.003550 seconds 
  Import took 0.036371 seconds .

========================================================================
Received Import Request.
  Time since last request: 10.570471 seconds.
  path: Assets/Map/Environment/Boxs/Scripts
  artifactKey: Guid(1c76cae3db2c446418afb52be80ca75d) Importer(815301076,1909f56bfc062723c751e8b465ee728b)
Start importing Assets/Map/Environment/Boxs/Scripts using Guid(1c76cae3db2c446418afb52be80ca75d) Importer(815301076,1909f56bfc062723c751e8b465ee728b)  -> (artifact id: '368c3ea8bb1af4217424f8a693f67451') in 0.021555 seconds 
  Import took 0.038747 seconds .

========================================================================
Received Import Request.
  Time since last request: 166.201979 seconds.
  path: Assets/Map/Environment/Boxs/Sprites/Box-broken.png
  artifactKey: Guid(582473e7ddf35154a8bbea501638e68f) Importer(815301076,1909f56bfc062723c751e8b465ee728b)
Start importing Assets/Map/Environment/Boxs/Sprites/Box-broken.png using Guid(582473e7ddf35154a8bbea501638e68f) Importer(815301076,1909f56bfc062723c751e8b465ee728b)  -> (artifact id: '148eb00c12fe72311832f881dc4aef8b') in 0.112379 seconds 
  Import took 0.119245 seconds .

========================================================================
Received Import Request.
  Time since last request: 0.223352 seconds.
  path: Assets/Map/Environment/Boxs/Sprites/Box.png
  artifactKey: Guid(62a01c8fd4e745e4da2c660426a14d59) Importer(815301076,1909f56bfc062723c751e8b465ee728b)
Start importing Assets/Map/Environment/Boxs/Sprites/Box.png using Guid(62a01c8fd4e745e4da2c660426a14d59) Importer(815301076,1909f56bfc062723c751e8b465ee728b)  -> (artifact id: '66c854ba7b23fdce598e1debc546b8fa') in 0.020542 seconds 
  Import took 0.051547 seconds .

========================================================================
Received Import Request.
  Time since last request: 295.393376 seconds.
  path: Assets/Map/Environment/Boxs/Scripts/BoxController.cs
  artifactKey: Guid(c5bd733aa44aa0c4f81753ea15aecca0) Importer(815301076,1909f56bfc062723c751e8b465ee728b)
Start importing Assets/Map/Environment/Boxs/Scripts/BoxController.cs using Guid(c5bd733aa44aa0c4f81753ea15aecca0) Importer(815301076,1909f56bfc062723c751e8b465ee728b)  -> (artifact id: 'b6042f34d1708f5820c8ed362230d846') in 0.015299 seconds 
  Import took 0.044344 seconds .

========================================================================
Received Prepare
Registering precompiled user dll's ...
Registered in 0.007027 seconds.
Begin MonoManager ReloadAssembly
Native extension for WindowsStandalone target not found
Refreshing native plugins compatible for Editor in 0.97 ms, found 3 plugins.
Preloading 0 native plugins for Editor in 0.00 ms.
Mono: successfully reloaded assembly
- Completed reload, in  2.616 seconds
Domain Reload Profiling:
	ReloadAssembly (2617ms)
		BeginReloadAssembly (516ms)
			ExecutionOrderSort (0ms)
			DisableScriptedObjects (18ms)
			BackupInstance (0ms)
			ReleaseScriptingObjects (0ms)
			CreateAndSetChildDomain (153ms)
		EndReloadAssembly (1988ms)
			LoadAssemblies (204ms)
			RebuildTransferFunctionScriptingTraits (0ms)
			SetupTypeCache (767ms)
			ReleaseScriptCaches (2ms)
			RebuildScriptCaches (68ms)
			SetupLoadedEditorAssemblies (619ms)
				LogAssemblyErrors (0ms)
				InitializePlatformSupportModulesInManaged (5ms)
				SetLoadedEditorAssemblies (1ms)
				RefreshPlugins (1ms)
				BeforeProcessingInitializeOnLoad (210ms)
				ProcessInitializeOnLoadAttributes (352ms)
				ProcessInitializeOnLoadMethodAttributes (43ms)
				AfterProcessingInitializeOnLoad (7ms)
				EditorAssembliesLoaded (0ms)
			ExecutionOrderSort2 (0ms)
			AwakeInstancesAfterBackupRestoration (90ms)
Platform modules already initialized, skipping
Refreshing native plugins compatible for Editor in 1.08 ms, found 3 plugins.
Preloading 0 native plugins for Editor in 0.00 ms.
Unloading 3229 Unused Serialized files (Serialized files now loaded: 0)
System memory in use before: 141.4 MB.
System memory in use after: 141.7 MB.

Unloading 18 unused Assets to reduce memory usage. Loaded Objects now: 3832.
Total: 4.788600 ms (FindLiveObjects: 0.274000 ms CreateObjectMapping: 0.180900 ms MarkObjects: 4.300700 ms  DeleteObjects: 0.031700 ms)

AssetImportParameters requested are different than current active one (requested -> active):
  custom:framework-win-MediaFoundation: 216162199b28c13a410421893ffa2e32 -> 
  custom:video-decoder-ogg-theora: a1e56fd34408186e4bbccfd4996cb3dc -> 
  custom:container-muxer-webm: aa71ff27fc2769a1b78a27578f13a17b -> 
  custom:container-demuxer-webm: 4f35f7cbe854078d1ac9338744f61a02 -> 
  custom:container-demuxer-ogg: 62fdf1f143b41e24485cea50d1cbac27 -> 
  custom:video-encoder-webm-vp8: eb34c28f22e8b96e1ab97ce403110664 -> 
  custom:video-codec-MediaFoundation-h265: 746d11721c4dcdbdad8f713fa42b33f4 -> 
  custom:video-decoder-webm-vp8: 9c59270c3fd7afecdb556c50c9e8de78 -> 
  custom:audio-decoder-ogg-vorbis: bf7c407c2cedff20999df2af8eb42d56 -> 
  custom:audio-encoder-webm-vorbis: bf7c407c2cedff20999df2af8eb42d56 -> 
========================================================================
Received Import Request.
  Time since last request: 242.506275 seconds.
  path: Assets/Map/Environment/Boxs/Scripts/BoxController.cs
  artifactKey: Guid(c5bd733aa44aa0c4f81753ea15aecca0) Importer(815301076,1909f56bfc062723c751e8b465ee728b)
Start importing Assets/Map/Environment/Boxs/Scripts/BoxController.cs using Guid(c5bd733aa44aa0c4f81753ea15aecca0) Importer(815301076,1909f56bfc062723c751e8b465ee728b)  -> (artifact id: 'f3d3810f3be88ea9029d62f3ce6fb0d0') in 0.009150 seconds 
  Import took 0.017119 seconds .

========================================================================
Received Prepare
Registering precompiled user dll's ...
Registered in 0.011075 seconds.
Begin MonoManager ReloadAssembly
Native extension for WindowsStandalone target not found
Refreshing native plugins compatible for Editor in 0.89 ms, found 3 plugins.
Preloading 0 native plugins for Editor in 0.00 ms.
Mono: successfully reloaded assembly
- Completed reload, in  2.131 seconds
Domain Reload Profiling:
	ReloadAssembly (2132ms)
		BeginReloadAssembly (206ms)
			ExecutionOrderSort (0ms)
			DisableScriptedObjects (10ms)
			BackupInstance (0ms)
			ReleaseScriptingObjects (0ms)
			CreateAndSetChildDomain (57ms)
		EndReloadAssembly (1816ms)
			LoadAssemblies (197ms)
			RebuildTransferFunctionScriptingTraits (0ms)
			SetupTypeCache (647ms)
			ReleaseScriptCaches (2ms)
			RebuildScriptCaches (98ms)
			SetupLoadedEditorAssemblies (561ms)
				LogAssemblyErrors (0ms)
				InitializePlatformSupportModulesInManaged (8ms)
				SetLoadedEditorAssemblies (1ms)
				RefreshPlugins (1ms)
				BeforeProcessingInitializeOnLoad (182ms)
				ProcessInitializeOnLoadAttributes (327ms)
				ProcessInitializeOnLoadMethodAttributes (37ms)
				AfterProcessingInitializeOnLoad (5ms)
				EditorAssembliesLoaded (0ms)
			ExecutionOrderSort2 (0ms)
			AwakeInstancesAfterBackupRestoration (62ms)
Platform modules already initialized, skipping
Refreshing native plugins compatible for Editor in 1.20 ms, found 3 plugins.
Preloading 0 native plugins for Editor in 0.00 ms.
Unloading 3230 Unused Serialized files (Serialized files now loaded: 0)
System memory in use before: 141.5 MB.
System memory in use after: 141.8 MB.

Unloading 18 unused Assets to reduce memory usage. Loaded Objects now: 3835.
Total: 6.692400 ms (FindLiveObjects: 0.385200 ms CreateObjectMapping: 0.266700 ms MarkObjects: 6.011000 ms  DeleteObjects: 0.028300 ms)

AssetImportParameters requested are different than current active one (requested -> active):
  custom:framework-win-MediaFoundation: 216162199b28c13a410421893ffa2e32 -> 
  custom:video-decoder-ogg-theora: a1e56fd34408186e4bbccfd4996cb3dc -> 
  custom:container-muxer-webm: aa71ff27fc2769a1b78a27578f13a17b -> 
  custom:container-demuxer-webm: 4f35f7cbe854078d1ac9338744f61a02 -> 
  custom:container-demuxer-ogg: 62fdf1f143b41e24485cea50d1cbac27 -> 
  custom:video-encoder-webm-vp8: eb34c28f22e8b96e1ab97ce403110664 -> 
  custom:video-codec-MediaFoundation-h265: 746d11721c4dcdbdad8f713fa42b33f4 -> 
  custom:video-decoder-webm-vp8: 9c59270c3fd7afecdb556c50c9e8de78 -> 
  custom:audio-decoder-ogg-vorbis: bf7c407c2cedff20999df2af8eb42d56 -> 
  custom:audio-encoder-webm-vorbis: bf7c407c2cedff20999df2af8eb42d56 -> 
========================================================================
Received Import Request.
  Time since last request: 1159.411002 seconds.
  path: Assets/Map/Environment/Boxs/Scripts/BoxController.cs
  artifactKey: Guid(c5bd733aa44aa0c4f81753ea15aecca0) Importer(815301076,1909f56bfc062723c751e8b465ee728b)
Start importing Assets/Map/Environment/Boxs/Scripts/BoxController.cs using Guid(c5bd733aa44aa0c4f81753ea15aecca0) Importer(815301076,1909f56bfc062723c751e8b465ee728b)  -> (artifact id: '6bb2352452ad100508297507c3f5d47e') in 0.015292 seconds 
  Import took 0.031033 seconds .

========================================================================
Received Import Request.
  Time since last request: 4.210831 seconds.
  path: Assets/Map/Environment/Boxs/Scripts/Box.cs
  artifactKey: Guid(c5bd733aa44aa0c4f81753ea15aecca0) Importer(815301076,1909f56bfc062723c751e8b465ee728b)
Start importing Assets/Map/Environment/Boxs/Scripts/Box.cs using Guid(c5bd733aa44aa0c4f81753ea15aecca0) Importer(815301076,1909f56bfc062723c751e8b465ee728b)  -> (artifact id: '1bfccb395757534a080d85758113dd7d') in 0.003841 seconds 
  Import took 0.011066 seconds .

AssetImportWorkerClient::OnTransportError - code=2 error=End of file
